<?xml version="1.0" encoding="UTF-8"?>
<!-- Generated by org.testng.reporters.JUnitReportReporter -->
<testsuite skipped="0" hostname="LAPTOP-UPHIUFFT" name="packOne.ClassTwo" tests="2" failures="0" timestamp="06 Oct 2022 15:08:58 GMT" time="9.104" errors="0">
  <testcase name="ClassTwoA" time="9.104" classname="packOne.ClassTwo"/>
  <testcase name="ClassTwoB" time="0.000" classname="packOne.ClassTwo"/>
</testsuite> <!-- packOne.ClassTwo -->
