<?xml version="1.0" encoding="UTF-8"?>
<!-- Generated by org.testng.reporters.JUnitReportReporter -->
<testsuite skipped="0" hostname="LAPTOP-UPHIUFFT" name="packOne.ClassFour" tests="4" failures="0" timestamp="06 Oct 2022 15:08:58 GMT" time="7.485" errors="0">
  <testcase name="ClassFourD" time="0.000" classname="packOne.ClassFour"/>
  <testcase name="ClassFourA" time="7.485" classname="packOne.ClassFour"/>
  <testcase name="ClassFourB" time="0.000" classname="packOne.ClassFour"/>
  <testcase name="ClassFourC" time="0.000" classname="packOne.ClassFour"/>
</testsuite> <!-- packOne.ClassFour -->
