<?xml version="1.0" encoding="UTF-8"?>
<!-- Generated by org.testng.reporters.JUnitReportReporter -->
<testsuite skipped="0" hostname="LAPTOP-UPHIUFFT" name="packOne.ClassThree" tests="3" failures="0" timestamp="06 Oct 2022 15:08:58 GMT" time="6.958" errors="0">
  <testcase name="ClassThreeB" time="0.000" classname="packOne.ClassThree"/>
  <testcase name="ClassThreeA" time="6.958" classname="packOne.ClassThree"/>
  <testcase name="ClassThreeC" time="0.000" classname="packOne.ClassThree"/>
</testsuite> <!-- packOne.ClassThree -->
