<?xml version="1.0" encoding="UTF-8"?>
<!-- Generated by org.testng.reporters.JUnitReportReporter -->
<testsuite skipped="0" hostname="LAPTOP-UPHIUFFT" name="packOne.ClassOne" tests="1" failures="0" timestamp="06 Oct 2022 15:08:58 GMT" time="7.681" errors="0">
  <testcase name="ClassOneA" time="7.681" classname="packOne.ClassOne"/>
</testsuite> <!-- packOne.ClassOne -->
