<?xml version="1.0" encoding="UTF-8"?>
<!-- Generated by org.testng.reporters.JUnitReportReporter -->
<testsuite hostname="LAPTOP-UPHIUFFT" failures="0" tests="4" name="packOne.ClassFour" time="5.485" errors="0" timestamp="16 Sep 2022 13:55:42 GMT" skipped="0">
  <testcase classname="packOne.ClassFour" name="ClassFourA" time="5.485"/>
  <testcase classname="packOne.ClassFour" name="ClassFourB" time="0.000"/>
  <testcase classname="packOne.ClassFour" name="ClassFourC" time="0.000"/>
  <testcase classname="packOne.ClassFour" name="ClassFourD" time="0.000"/>
</testsuite> <!-- packOne.ClassFour -->
