<?xml version="1.0" encoding="UTF-8"?>
<!-- Generated by org.testng.reporters.JUnitReportReporter -->
<testsuite hostname="LAPTOP-UPHIUFFT" failures="0" tests="1" name="packOne.ClassOne" time="6.147" errors="0" timestamp="16 Sep 2022 13:55:42 GMT" skipped="0">
  <testcase classname="packOne.ClassOne" name="ClassOneA" time="6.147"/>
</testsuite> <!-- packOne.ClassOne -->
