<?xml version="1.0" encoding="UTF-8"?>
<!-- Generated by org.testng.reporters.JUnitReportReporter -->
<testsuite hostname="LAPTOP-UPHIUFFT" failures="0" tests="3" name="packOne.ClassThree" time="5.920" errors="0" timestamp="16 Sep 2022 13:55:42 GMT" skipped="0">
  <testcase classname="packOne.ClassThree" name="ClassThreeA" time="5.919"/>
  <testcase classname="packOne.ClassThree" name="ClassThreeB" time="0.001"/>
  <testcase classname="packOne.ClassThree" name="ClassThreeC" time="0.000"/>
</testsuite> <!-- packOne.ClassThree -->
