<?xml version="1.0" encoding="UTF-8"?>
<!-- Generated by org.testng.reporters.JUnitReportReporter -->
<testsuite hostname="LAPTOP-UPHIUFFT" failures="0" tests="2" name="packOne.ClassTwo" time="7.508" errors="0" timestamp="16 Sep 2022 13:55:42 GMT" skipped="0">
  <testcase classname="packOne.ClassTwo" name="ClassTwoB" time="0.001"/>
  <testcase classname="packOne.ClassTwo" name="ClassTwoA" time="7.507"/>
</testsuite> <!-- packOne.ClassTwo -->
